<?xml version="1.0" encoding="UTF-8"?>
<!-- Generated by org.testng.reporters.JUnitXMLReporter -->
<testsuite hostname="lenovo" ignored="0" name="Default test" tests="1" failures="1" timestamp="05 Apr 2019 18:01:28 GMT" time="2.105" errors="0">
  <testcase name="TestPCQSAggregatorKAFKAIntegrationPersonSearchJSON" time="2.065" classname="com.egis.interfacetesting.pcqs.PCQSPersonSearchJSON">
    <failure type="com.consol.citrus.exceptions.TestCaseFailedException" message="Failed to validate JSON text:
{&amp;quot;timestamp&amp;quot;:1554487288595,&amp;quot;path&amp;quot;:&amp;quot;/query-aggregator/v1/egis/123456/getActivity&amp;quot;,&amp;quot;status&amp;quot;:415,&amp;quot;error&amp;quot;:&amp;quot;Unsupported Media Type&amp;quot;,&amp;quot;message&amp;quot;:&amp;quot;Content type &amp;apos;text/plain;charset=UTF-8&amp;apos; not supported&amp;quot;} Number of JSON entries not equal for element: &amp;apos;$.&amp;apos;, expected &amp;apos;1&amp;apos; but was &amp;apos;5&amp;apos;">
      <![CDATA[com.consol.citrus.exceptions.TestCaseFailedException: Failed to validate JSON text:
{"timestamp":1554487288595,"path":"/query-aggregator/v1/egis/123456/getActivity","status":415,"error":"Unsupported Media Type","message":"Content type 'text/plain;charset=UTF-8' not supported"} Number of JSON entries not equal for element: '$.', expected '1' but was '5'
	at com.consol.citrus.TestCase.executeAction(TestCase.java:227)
	at com.consol.citrus.TestCase.doExecute(TestCase.java:152)
	at com.consol.citrus.actions.AbstractTestAction.execute(AbstractTestAction.java:42)
	at com.consol.citrus.Citrus.run(Citrus.java:403)
	at com.consol.citrus.testng.AbstractTestNGCitrusTest.invokeTestMethod(AbstractTestNGCitrusTest.java:131)
	at com.consol.citrus.dsl.testng.TestNGCitrusTest.invokeTestMethod(TestNGCitrusTest.java:121)
	at com.consol.citrus.dsl.testng.TestNGCitrusTestDesigner.invokeTestMethod(TestNGCitrusTestDesigner.java:73)
	at com.consol.citrus.dsl.testng.TestNGCitrusTest.run(TestNGCitrusTest.java:110)
	at com.consol.citrus.dsl.testng.TestNGCitrusTest.run(TestNGCitrusTest.java:56)
	at org.testng.internal.MethodInvocationHelper.invokeHookable(MethodInvocationHelper.java:221)
	at org.testng.internal.Invoker.invokeMethod(Invoker.java:657)
	at org.testng.internal.Invoker.invokeTestMethod(Invoker.java:869)
	at org.testng.internal.Invoker.invokeTestMethods(Invoker.java:1193)
	at org.testng.internal.TestMethodWorker.invokeTestMethods(TestMethodWorker.java:126)
	at org.testng.internal.TestMethodWorker.run(TestMethodWorker.java:109)
	at org.testng.TestRunner.privateRun(TestRunner.java:744)
	at org.testng.TestRunner.run(TestRunner.java:602)
	at org.testng.SuiteRunner.runTest(SuiteRunner.java:380)
	at org.testng.SuiteRunner.runSequentially(SuiteRunner.java:375)
	at org.testng.SuiteRunner.privateRun(SuiteRunner.java:340)
	at org.testng.SuiteRunner.run(SuiteRunner.java:289)
	at org.testng.SuiteRunnerWorker.runSuite(SuiteRunnerWorker.java:52)
	at org.testng.SuiteRunnerWorker.run(SuiteRunnerWorker.java:86)
	at org.testng.TestNG.runSuitesSequentially(TestNG.java:1301)
	at org.testng.TestNG.runSuitesLocally(TestNG.java:1226)
	at org.testng.TestNG.runSuites(TestNG.java:1144)
	at org.testng.TestNG.run(TestNG.java:1115)
	at org.testng.remote.AbstractRemoteTestNG.run(AbstractRemoteTestNG.java:115)
	at org.testng.remote.RemoteTestNG.initAndRun(RemoteTestNG.java:251)
	at org.testng.remote.RemoteTestNG.main(RemoteTestNG.java:77)
Caused by: com.consol.citrus.exceptions.ValidationException: Failed to validate JSON text:
{"timestamp":1554487288595,"path":"/query-aggregator/v1/egis/123456/getActivity","status":415,"error":"Unsupported Media Type","message":"Content type 'text/plain;charset=UTF-8' not supported"} Number of JSON entries not equal for element: '$.', expected '1' but was '5'
	at com.consol.citrus.validation.json.JsonTextMessageValidator.validateMessage(JsonTextMessageValidator.java:127)
	at com.consol.citrus.validation.json.JsonTextMessageValidator.validateMessage(JsonTextMessageValidator.java:62)
	at com.consol.citrus.validation.AbstractMessageValidator.validateMessage(AbstractMessageValidator.java:46)
	at com.consol.citrus.actions.ReceiveMessageAction.validateMessage(ReceiveMessageAction.java:231)
	at com.consol.citrus.actions.ReceiveMessageAction.doExecute(ReceiveMessageAction.java:128)
	at com.consol.citrus.actions.AbstractTestAction.execute(AbstractTestAction.java:42)
	at com.consol.citrus.dsl.actions.DelegatingTestAction.doExecute(DelegatingTestAction.java:54)
	at com.consol.citrus.actions.AbstractTestAction.execute(AbstractTestAction.java:42)
	at com.consol.citrus.TestCase.executeAction(TestCase.java:220)
	... 29 more
Caused by: java.lang.IllegalArgumentException: Number of JSON entries not equal for element: '$.', expected '1' but was '5'
	at org.springframework.util.Assert.isTrue(Assert.java:116)
	at com.consol.citrus.validation.json.JsonTextMessageValidator.validateJson(JsonTextMessageValidator.java:170)
	at com.consol.citrus.validation.json.JsonTextMessageValidator.validateMessage(JsonTextMessageValidator.java:115)
	... 37 more
]]>
    </failure>
  </testcase> <!-- TestPCQSAggregatorKAFKAIntegrationPersonSearchJSON -->
</testsuite> <!-- Default test -->
